app/build/intermediates/manifest_merge_blame_file/debug/manifest-merger-blame-debug-report.txt
1<?xml version="1.0" encoding="utf-8"?>
2<manifest xmlns:android="http://schemas.android.com/apk/res/android"
3    package="com.example.android.tiltspot"
4    android:versionCode="1"
5    android:versionName="1.0" >
6
7    <uses-sdk
8        android:minSdkVersion="15"
8-->src\main\AndroidManifest.xml
9        android:targetSdkVersion="26" />
9-->src\main\AndroidManifest.xml
10
11    <uses-permission android:name="android.permission.READ_EXTERNAL_STORAGE" />
11-->src\main\AndroidManifest.xml:5:5-80
11-->src\main\AndroidManifest.xml:5:22-77
12    <uses-permission android:name="android.permission.WRITE_EXTERNAL_STORAGE" />
12-->src\main\AndroidManifest.xml:6:5-81
12-->src\main\AndroidManifest.xml:6:22-78
13    <uses-permission android:name="android.permission.CAMERA" />
13-->src\main\AndroidManifest.xml:7:5-65
13-->src\main\AndroidManifest.xml:7:22-62
14
15    <application
15-->src\main\AndroidManifest.xml:9:5-41:19
16        android:allowBackup="true"
16-->src\main\AndroidManifest.xml:10:9-35
17        android:debuggable="true"
18        android:icon="@mipmap/ic_launcher"
18-->src\main\AndroidManifest.xml:11:9-43
19        android:label="@string/app_name"
19-->src\main\AndroidManifest.xml:12:9-41
20        android:roundIcon="@mipmap/ic_launcher_round"
20-->src\main\AndroidManifest.xml:13:9-54
21        android:supportsRtl="true"
21-->src\main\AndroidManifest.xml:14:9-35
22        android:testOnly="true"
23        android:theme="@style/AppTheme" >
23-->src\main\AndroidManifest.xml:15:9-40
24        <service
24-->src\main\AndroidManifest.xml:16:9-20:48
25            android:name="com.example.android.tiltspot.MyService"
25-->src\main\AndroidManifest.xml:17:13-38
26            android:enabled="true"
26-->src\main\AndroidManifest.xml:18:13-35
27            android:exported="false"
27-->src\main\AndroidManifest.xml:20:13-37
28            android:stopWithTask="true" />
28-->src\main\AndroidManifest.xml:19:13-40
29
30        <activity android:name="com.example.android.tiltspot.CamActivity" />
30-->src\main\AndroidManifest.xml:22:9-49
30-->src\main\AndroidManifest.xml:22:19-46
31        <activity android:name="com.example.android.tiltspot.Activity2" />
31-->src\main\AndroidManifest.xml:23:9-47
31-->src\main\AndroidManifest.xml:23:19-44
32        <activity android:name="com.example.android.tiltspot.MainActivity" >
32-->src\main\AndroidManifest.xml:24:9-30:20
32-->src\main\AndroidManifest.xml:24:19-47
33            <intent-filter>
33-->src\main\AndroidManifest.xml:25:13-29:29
34                <action android:name="android.intent.action.MAIN" />
34-->src\main\AndroidManifest.xml:26:17-69
34-->src\main\AndroidManifest.xml:26:25-66
35
36                <category android:name="android.intent.category.LAUNCHER" />
36-->src\main\AndroidManifest.xml:28:17-77
36-->src\main\AndroidManifest.xml:28:27-74
37            </intent-filter>
38        </activity>
39
40        <provider
40-->src\main\AndroidManifest.xml:32:9-40:20
41            android:name="android.support.v4.content.FileProvider"
41-->src\main\AndroidManifest.xml:33:13-67
42            android:authorities="com.example.android.tiltspot.fileprovider"
42-->src\main\AndroidManifest.xml:34:13-76
43            android:exported="false"
43-->src\main\AndroidManifest.xml:35:13-37
44            android:grantUriPermissions="true" >
44-->src\main\AndroidManifest.xml:36:13-47
45            <meta-data
45-->src\main\AndroidManifest.xml:37:13-39:54
46                android:name="android.support.FILE_PROVIDER_PATHS"
46-->src\main\AndroidManifest.xml:38:17-67
47                android:resource="@xml/file_paths" />
47-->src\main\AndroidManifest.xml:39:17-51
48        </provider>
49
50        <meta-data
50-->[com.android.support:design:26.1.0] AndroidManifest.xml:26:9-28:38
51            android:name="android.support.VERSION"
51-->[com.android.support:design:26.1.0] AndroidManifest.xml:27:13-51
52            android:value="26.1.0" />
52-->[com.android.support:design:26.1.0] AndroidManifest.xml:28:13-35
53
54        <provider
54-->[com.squareup.picasso:picasso:2.71828] AndroidManifest.xml:8:9-11:40
55            android:name="com.squareup.picasso.PicassoProvider"
55-->[com.squareup.picasso:picasso:2.71828] AndroidManifest.xml:9:13-64
56            android:authorities="com.example.android.tiltspot.com.squareup.picasso"
56-->[com.squareup.picasso:picasso:2.71828] AndroidManifest.xml:10:13-72
57            android:exported="false" />
57-->[com.squareup.picasso:picasso:2.71828] AndroidManifest.xml:11:13-37
58
59        <meta-data
59-->[android.arch.lifecycle:runtime:1.0.0] AndroidManifest.xml:25:9-27:47
60            android:name="android.arch.lifecycle.VERSION"
60-->[android.arch.lifecycle:runtime:1.0.0] AndroidManifest.xml:26:13-58
61            android:value="27.0.0-SNAPSHOT" />
61-->[android.arch.lifecycle:runtime:1.0.0] AndroidManifest.xml:27:13-44
62    </application>
63
64</manifest>